[2025-10-02T19:29:07.164+0000] {manager.py:487} INFO - Processing files using up to 2 processes at a time 
[2025-10-02T19:29:07.165+0000] {manager.py:488} INFO - Process each file at most once every 30 seconds
[2025-10-02T19:29:07.169+0000] {manager.py:489} INFO - Checking for new files in /opt/airflow/dags every 300 seconds
[2025-10-02T19:29:07.173+0000] {manager.py:759} INFO - Searching for files in /opt/airflow/dags
[2025-10-02T19:29:07.189+0000] {manager.py:762} INFO - There are 1 files in /opt/airflow/dags
[2025-10-02T19:29:07.482+0000] {manager.py:893} INFO - 
================================================================================
DAG File Processing Stats

File Path                          PID  Runtime      # DAGs    # Errors  Last Runtime    Last Run
-------------------------------  -----  ---------  --------  ----------  --------------  ----------
/opt/airflow/dags/etl_tweets.py    169  0.11s             0           0
================================================================================
[2025-10-02T19:29:37.747+0000] {manager.py:893} INFO - 
================================================================================
DAG File Processing Stats

File Path                        PID    Runtime      # DAGs    # Errors  Last Runtime    Last Run
-------------------------------  -----  ---------  --------  ----------  --------------  -------------------
/opt/airflow/dags/etl_tweets.py                           1           0  4.22s           2025-10-02T19:29:11
================================================================================
[2025-10-02T19:30:08.050+0000] {manager.py:893} INFO - 
================================================================================
DAG File Processing Stats

File Path                        PID    Runtime      # DAGs    # Errors  Last Runtime    Last Run
-------------------------------  -----  ---------  --------  ----------  --------------  -------------------
/opt/airflow/dags/etl_tweets.py                           1           0  0.76s           2025-10-02T19:29:42
================================================================================
[2025-10-02T19:30:38.272+0000] {manager.py:893} INFO - 
================================================================================
DAG File Processing Stats

File Path                        PID    Runtime      # DAGs    # Errors  Last Runtime    Last Run
-------------------------------  -----  ---------  --------  ----------  --------------  -------------------
/opt/airflow/dags/etl_tweets.py                           1           0  0.74s           2025-10-02T19:30:13
================================================================================
[2025-10-02T19:31:08.543+0000] {manager.py:893} INFO - 
================================================================================
DAG File Processing Stats

File Path                        PID    Runtime      # DAGs    # Errors  Last Runtime    Last Run
-------------------------------  -----  ---------  --------  ----------  --------------  -------------------
/opt/airflow/dags/etl_tweets.py                           1           0  0.72s           2025-10-02T19:30:44
================================================================================
[2025-10-02T19:31:38.667+0000] {manager.py:893} INFO - 
================================================================================
DAG File Processing Stats

File Path                        PID    Runtime      # DAGs    # Errors  Last Runtime    Last Run
-------------------------------  -----  ---------  --------  ----------  --------------  -------------------
/opt/airflow/dags/etl_tweets.py                           1           0  0.87s           2025-10-02T19:31:15
================================================================================
[2025-10-02T19:32:08.984+0000] {manager.py:893} INFO - 
================================================================================
DAG File Processing Stats

File Path                        PID    Runtime      # DAGs    # Errors  Last Runtime    Last Run
-------------------------------  -----  ---------  --------  ----------  --------------  -------------------
/opt/airflow/dags/etl_tweets.py                           1           0  0.56s           2025-10-02T19:31:46
================================================================================
[2025-10-02T19:32:39.190+0000] {manager.py:893} INFO - 
================================================================================
DAG File Processing Stats

File Path                        PID    Runtime      # DAGs    # Errors  Last Runtime    Last Run
-------------------------------  -----  ---------  --------  ----------  --------------  -------------------
/opt/airflow/dags/etl_tweets.py                           1           0  0.50s           2025-10-02T19:32:17
================================================================================
[2025-10-02T19:33:09.563+0000] {manager.py:893} INFO - 
================================================================================
DAG File Processing Stats

File Path                        PID    Runtime      # DAGs    # Errors  Last Runtime    Last Run
-------------------------------  -----  ---------  --------  ----------  --------------  -------------------
/opt/airflow/dags/etl_tweets.py                           1           0  0.55s           2025-10-02T19:32:47
================================================================================
[2025-10-02T19:33:39.771+0000] {manager.py:893} INFO - 
================================================================================
DAG File Processing Stats

File Path                        PID    Runtime      # DAGs    # Errors  Last Runtime    Last Run
-------------------------------  -----  ---------  --------  ----------  --------------  -------------------
/opt/airflow/dags/etl_tweets.py                           1           0  0.63s           2025-10-02T19:33:18
================================================================================
[2025-10-02T19:34:07.447+0000] {manager.py:759} INFO - Searching for files in /opt/airflow/dags
[2025-10-02T19:34:07.451+0000] {manager.py:762} INFO - There are 1 files in /opt/airflow/dags
[2025-10-02T19:34:10.044+0000] {manager.py:893} INFO - 
================================================================================
DAG File Processing Stats

File Path                        PID    Runtime      # DAGs    # Errors  Last Runtime    Last Run
-------------------------------  -----  ---------  --------  ----------  --------------  -------------------
/opt/airflow/dags/etl_tweets.py                           1           0  0.48s           2025-10-02T19:33:49
================================================================================
[2025-10-02T19:34:40.194+0000] {manager.py:893} INFO - 
================================================================================
DAG File Processing Stats

File Path                        PID    Runtime      # DAGs    # Errors  Last Runtime    Last Run
-------------------------------  -----  ---------  --------  ----------  --------------  -------------------
/opt/airflow/dags/etl_tweets.py                           1           0  0.49s           2025-10-02T19:34:20
================================================================================
[2025-10-02T19:35:10.422+0000] {manager.py:893} INFO - 
================================================================================
DAG File Processing Stats

File Path                        PID    Runtime      # DAGs    # Errors  Last Runtime    Last Run
-------------------------------  -----  ---------  --------  ----------  --------------  -------------------
/opt/airflow/dags/etl_tweets.py                           1           0  0.45s           2025-10-02T19:34:50
================================================================================
[2025-10-02T19:35:40.663+0000] {manager.py:893} INFO - 
================================================================================
DAG File Processing Stats

File Path                        PID    Runtime      # DAGs    # Errors  Last Runtime    Last Run
-------------------------------  -----  ---------  --------  ----------  --------------  -------------------
/opt/airflow/dags/etl_tweets.py                           1           0  0.60s           2025-10-02T19:35:21
================================================================================
[2025-10-02T19:36:11.317+0000] {manager.py:893} INFO - 
================================================================================
DAG File Processing Stats

File Path                        PID    Runtime      # DAGs    # Errors  Last Runtime    Last Run
-------------------------------  -----  ---------  --------  ----------  --------------  -------------------
/opt/airflow/dags/etl_tweets.py                           1           0  0.47s           2025-10-02T19:35:52
================================================================================
[2025-10-02T19:36:41.540+0000] {manager.py:893} INFO - 
================================================================================
DAG File Processing Stats

File Path                        PID    Runtime      # DAGs    # Errors  Last Runtime    Last Run
-------------------------------  -----  ---------  --------  ----------  --------------  -------------------
/opt/airflow/dags/etl_tweets.py                           1           0  0.54s           2025-10-02T19:36:22
================================================================================
[2025-10-02T19:37:11.731+0000] {manager.py:893} INFO - 
================================================================================
DAG File Processing Stats

File Path                        PID    Runtime      # DAGs    # Errors  Last Runtime    Last Run
-------------------------------  -----  ---------  --------  ----------  --------------  -------------------
/opt/airflow/dags/etl_tweets.py                           1           0  0.62s           2025-10-02T19:36:53
================================================================================
[2025-10-02T19:37:42.155+0000] {manager.py:893} INFO - 
================================================================================
DAG File Processing Stats

File Path                        PID    Runtime      # DAGs    # Errors  Last Runtime    Last Run
-------------------------------  -----  ---------  --------  ----------  --------------  -------------------
/opt/airflow/dags/etl_tweets.py                           1           0  0.58s           2025-10-02T19:37:24
================================================================================
[2025-10-02T19:38:12.289+0000] {manager.py:893} INFO - 
================================================================================
DAG File Processing Stats

File Path                        PID    Runtime      # DAGs    # Errors  Last Runtime    Last Run
-------------------------------  -----  ---------  --------  ----------  --------------  -------------------
/opt/airflow/dags/etl_tweets.py                           1           0  0.50s           2025-10-02T19:37:55
================================================================================
[2025-10-02T19:38:43.011+0000] {manager.py:893} INFO - 
================================================================================
DAG File Processing Stats

File Path                        PID    Runtime      # DAGs    # Errors  Last Runtime    Last Run
-------------------------------  -----  ---------  --------  ----------  --------------  -------------------
/opt/airflow/dags/etl_tweets.py                           1           0  0.58s           2025-10-02T19:38:25
================================================================================
[2025-10-02T19:39:07.734+0000] {manager.py:759} INFO - Searching for files in /opt/airflow/dags
[2025-10-02T19:39:07.745+0000] {manager.py:762} INFO - There are 1 files in /opt/airflow/dags
[2025-10-02T19:39:13.276+0000] {manager.py:893} INFO - 
================================================================================
DAG File Processing Stats

File Path                        PID    Runtime      # DAGs    # Errors  Last Runtime    Last Run
-------------------------------  -----  ---------  --------  ----------  --------------  -------------------
/opt/airflow/dags/etl_tweets.py                           1           0  0.53s           2025-10-02T19:38:56
================================================================================
[2025-10-02T19:39:43.450+0000] {manager.py:893} INFO - 
================================================================================
DAG File Processing Stats

File Path                        PID    Runtime      # DAGs    # Errors  Last Runtime    Last Run
-------------------------------  -----  ---------  --------  ----------  --------------  -------------------
/opt/airflow/dags/etl_tweets.py                           1           0  0.48s           2025-10-02T19:39:27
================================================================================
[2025-10-02T19:40:14.198+0000] {manager.py:893} INFO - 
================================================================================
DAG File Processing Stats

File Path                        PID    Runtime      # DAGs    # Errors  Last Runtime    Last Run
-------------------------------  -----  ---------  --------  ----------  --------------  -------------------
/opt/airflow/dags/etl_tweets.py                           1           0  0.74s           2025-10-02T19:39:58
================================================================================
[2025-10-02T19:40:44.611+0000] {manager.py:893} INFO - 
================================================================================
DAG File Processing Stats

File Path                        PID    Runtime      # DAGs    # Errors  Last Runtime    Last Run
-------------------------------  -----  ---------  --------  ----------  --------------  -------------------
/opt/airflow/dags/etl_tweets.py                           1           0  0.48s           2025-10-02T19:40:28
================================================================================
[2025-10-02T19:41:15.068+0000] {manager.py:893} INFO - 
================================================================================
DAG File Processing Stats

File Path                        PID    Runtime      # DAGs    # Errors  Last Runtime    Last Run
-------------------------------  -----  ---------  --------  ----------  --------------  -------------------
/opt/airflow/dags/etl_tweets.py                           1           0  0.48s           2025-10-02T19:40:59
================================================================================
[2025-10-02T19:41:45.217+0000] {manager.py:893} INFO - 
================================================================================
DAG File Processing Stats

File Path                        PID    Runtime      # DAGs    # Errors  Last Runtime    Last Run
-------------------------------  -----  ---------  --------  ----------  --------------  -------------------
/opt/airflow/dags/etl_tweets.py                           1           0  0.47s           2025-10-02T19:41:30
================================================================================
[2025-10-02T19:42:15.431+0000] {manager.py:893} INFO - 
================================================================================
DAG File Processing Stats

File Path                        PID    Runtime      # DAGs    # Errors  Last Runtime    Last Run
-------------------------------  -----  ---------  --------  ----------  --------------  -------------------
/opt/airflow/dags/etl_tweets.py                           1           0  0.47s           2025-10-02T19:42:00
================================================================================
[2025-10-02T19:42:45.645+0000] {manager.py:893} INFO - 
================================================================================
DAG File Processing Stats

File Path                        PID    Runtime      # DAGs    # Errors  Last Runtime    Last Run
-------------------------------  -----  ---------  --------  ----------  --------------  -------------------
/opt/airflow/dags/etl_tweets.py                           1           0  0.59s           2025-10-02T19:42:31
================================================================================
[2025-10-02T19:43:15.801+0000] {manager.py:893} INFO - 
================================================================================
DAG File Processing Stats

File Path                        PID    Runtime      # DAGs    # Errors  Last Runtime    Last Run
-------------------------------  -----  ---------  --------  ----------  --------------  -------------------
/opt/airflow/dags/etl_tweets.py                           1           0  0.92s           2025-10-02T19:43:02
================================================================================
[2025-10-02T19:43:46.139+0000] {manager.py:893} INFO - 
================================================================================
DAG File Processing Stats

File Path                        PID    Runtime      # DAGs    # Errors  Last Runtime    Last Run
-------------------------------  -----  ---------  --------  ----------  --------------  -------------------
/opt/airflow/dags/etl_tweets.py                           1           0  0.45s           2025-10-02T19:43:33
================================================================================
[2025-10-02T19:44:08.077+0000] {manager.py:759} INFO - Searching for files in /opt/airflow/dags
[2025-10-02T19:44:08.094+0000] {manager.py:762} INFO - There are 1 files in /opt/airflow/dags
[2025-10-02T19:44:16.167+0000] {manager.py:893} INFO - 
================================================================================
DAG File Processing Stats

File Path                        PID    Runtime      # DAGs    # Errors  Last Runtime    Last Run
-------------------------------  -----  ---------  --------  ----------  --------------  -------------------
/opt/airflow/dags/etl_tweets.py                           1           0  0.46s           2025-10-02T19:44:04
================================================================================
[2025-10-02T19:44:46.381+0000] {manager.py:893} INFO - 
================================================================================
DAG File Processing Stats

File Path                        PID    Runtime      # DAGs    # Errors  Last Runtime    Last Run
-------------------------------  -----  ---------  --------  ----------  --------------  -------------------
/opt/airflow/dags/etl_tweets.py                           1           0  0.50s           2025-10-02T19:44:34
================================================================================
[2025-10-02T19:45:16.528+0000] {manager.py:893} INFO - 
================================================================================
DAG File Processing Stats

File Path                        PID    Runtime      # DAGs    # Errors  Last Runtime    Last Run
-------------------------------  -----  ---------  --------  ----------  --------------  -------------------
/opt/airflow/dags/etl_tweets.py                           1           0  0.44s           2025-10-02T19:45:05
================================================================================
[2025-10-02T19:45:46.750+0000] {manager.py:893} INFO - 
================================================================================
DAG File Processing Stats

File Path                        PID    Runtime      # DAGs    # Errors  Last Runtime    Last Run
-------------------------------  -----  ---------  --------  ----------  --------------  -------------------
/opt/airflow/dags/etl_tweets.py                           1           0  0.46s           2025-10-02T19:45:36
================================================================================
[2025-10-02T19:46:16.856+0000] {manager.py:893} INFO - 
================================================================================
DAG File Processing Stats

File Path                        PID    Runtime      # DAGs    # Errors  Last Runtime    Last Run
-------------------------------  -----  ---------  --------  ----------  --------------  -------------------
/opt/airflow/dags/etl_tweets.py                           1           0  0.45s           2025-10-02T19:46:06
================================================================================
[2025-10-02T19:46:47.073+0000] {manager.py:893} INFO - 
================================================================================
DAG File Processing Stats

File Path                        PID    Runtime      # DAGs    # Errors  Last Runtime    Last Run
-------------------------------  -----  ---------  --------  ----------  --------------  -------------------
/opt/airflow/dags/etl_tweets.py                           1           0  0.46s           2025-10-02T19:46:37
================================================================================
[2025-10-02T19:47:17.316+0000] {manager.py:893} INFO - 
================================================================================
DAG File Processing Stats

File Path                        PID    Runtime      # DAGs    # Errors  Last Runtime    Last Run
-------------------------------  -----  ---------  --------  ----------  --------------  -------------------
/opt/airflow/dags/etl_tweets.py                           1           0  0.79s           2025-10-02T19:47:08
================================================================================
[2025-10-02T19:47:47.338+0000] {manager.py:893} INFO - 
================================================================================
DAG File Processing Stats

File Path                        PID    Runtime      # DAGs    # Errors  Last Runtime    Last Run
-------------------------------  -----  ---------  --------  ----------  --------------  -------------------
/opt/airflow/dags/etl_tweets.py                           1           0  0.59s           2025-10-02T19:47:39
================================================================================
[2025-10-02T19:48:17.925+0000] {manager.py:893} INFO - 
================================================================================
DAG File Processing Stats

File Path                        PID    Runtime      # DAGs    # Errors  Last Runtime    Last Run
-------------------------------  -----  ---------  --------  ----------  --------------  -------------------
/opt/airflow/dags/etl_tweets.py                           1           0  0.47s           2025-10-02T19:48:09
================================================================================
[2025-10-02T19:48:48.231+0000] {manager.py:893} INFO - 
================================================================================
DAG File Processing Stats

File Path                        PID    Runtime      # DAGs    # Errors  Last Runtime    Last Run
-------------------------------  -----  ---------  --------  ----------  --------------  -------------------
/opt/airflow/dags/etl_tweets.py                           1           0  0.45s           2025-10-02T19:48:40
================================================================================
[2025-10-02T19:49:08.377+0000] {manager.py:759} INFO - Searching for files in /opt/airflow/dags
[2025-10-02T19:49:08.385+0000] {manager.py:762} INFO - There are 1 files in /opt/airflow/dags
[2025-10-02T19:49:18.272+0000] {manager.py:893} INFO - 
================================================================================
DAG File Processing Stats

File Path                        PID    Runtime      # DAGs    # Errors  Last Runtime    Last Run
-------------------------------  -----  ---------  --------  ----------  --------------  -------------------
/opt/airflow/dags/etl_tweets.py                           1           0  0.45s           2025-10-02T19:49:11
================================================================================
[2025-10-02T19:49:49.040+0000] {manager.py:893} INFO - 
================================================================================
DAG File Processing Stats

File Path                        PID    Runtime      # DAGs    # Errors  Last Runtime    Last Run
-------------------------------  -----  ---------  --------  ----------  --------------  -------------------
/opt/airflow/dags/etl_tweets.py                           1           0  0.62s           2025-10-02T19:49:42
================================================================================
[2025-10-02T19:50:19.374+0000] {manager.py:893} INFO - 
================================================================================
DAG File Processing Stats

File Path                        PID    Runtime      # DAGs    # Errors  Last Runtime    Last Run
-------------------------------  -----  ---------  --------  ----------  --------------  -------------------
/opt/airflow/dags/etl_tweets.py                           1           0  0.45s           2025-10-02T19:50:12
================================================================================
[2025-10-02T19:50:49.479+0000] {manager.py:893} INFO - 
================================================================================
DAG File Processing Stats

File Path                        PID    Runtime      # DAGs    # Errors  Last Runtime    Last Run
-------------------------------  -----  ---------  --------  ----------  --------------  -------------------
/opt/airflow/dags/etl_tweets.py                           1           0  0.55s           2025-10-02T19:50:43
================================================================================
[2025-10-02T19:51:20.118+0000] {manager.py:893} INFO - 
================================================================================
DAG File Processing Stats

File Path                        PID    Runtime      # DAGs    # Errors  Last Runtime    Last Run
-------------------------------  -----  ---------  --------  ----------  --------------  -------------------
/opt/airflow/dags/etl_tweets.py                           1           0  0.49s           2025-10-02T19:51:14
================================================================================
[2025-10-02T19:51:50.419+0000] {manager.py:893} INFO - 
================================================================================
DAG File Processing Stats

File Path                        PID    Runtime      # DAGs    # Errors  Last Runtime    Last Run
-------------------------------  -----  ---------  --------  ----------  --------------  -------------------
/opt/airflow/dags/etl_tweets.py                           1           0  0.63s           2025-10-02T19:51:44
================================================================================
[2025-10-02T19:52:20.633+0000] {manager.py:893} INFO - 
================================================================================
DAG File Processing Stats

File Path                        PID    Runtime      # DAGs    # Errors  Last Runtime    Last Run
-------------------------------  -----  ---------  --------  ----------  --------------  -------------------
/opt/airflow/dags/etl_tweets.py                           1           0  0.50s           2025-10-02T19:52:15
================================================================================
[2025-10-02T19:52:50.805+0000] {manager.py:893} INFO - 
================================================================================
DAG File Processing Stats

File Path                        PID    Runtime      # DAGs    # Errors  Last Runtime    Last Run
-------------------------------  -----  ---------  --------  ----------  --------------  -------------------
/opt/airflow/dags/etl_tweets.py                           1           0  0.96s           2025-10-02T19:52:46
================================================================================
[2025-10-02T19:53:21.118+0000] {manager.py:893} INFO - 
================================================================================
DAG File Processing Stats

File Path                        PID    Runtime      # DAGs    # Errors  Last Runtime    Last Run
-------------------------------  -----  ---------  --------  ----------  --------------  -------------------
/opt/airflow/dags/etl_tweets.py                           1           0  0.61s           2025-10-02T19:53:17
================================================================================
[2025-10-02T19:53:51.363+0000] {manager.py:893} INFO - 
================================================================================
DAG File Processing Stats

File Path                        PID    Runtime      # DAGs    # Errors  Last Runtime    Last Run
-------------------------------  -----  ---------  --------  ----------  --------------  -------------------
/opt/airflow/dags/etl_tweets.py                           1           0  0.52s           2025-10-02T19:53:48
================================================================================
[2025-10-02T19:54:08.608+0000] {manager.py:759} INFO - Searching for files in /opt/airflow/dags
[2025-10-02T19:54:08.622+0000] {manager.py:762} INFO - There are 1 files in /opt/airflow/dags
[2025-10-02T19:54:21.786+0000] {manager.py:893} INFO - 
================================================================================
DAG File Processing Stats

File Path                        PID    Runtime      # DAGs    # Errors  Last Runtime    Last Run
-------------------------------  -----  ---------  --------  ----------  --------------  -------------------
/opt/airflow/dags/etl_tweets.py                           1           0  0.46s           2025-10-02T19:54:19
================================================================================
[2025-10-02T19:54:51.885+0000] {manager.py:893} INFO - 
================================================================================
DAG File Processing Stats

File Path                        PID    Runtime      # DAGs    # Errors  Last Runtime    Last Run
-------------------------------  -----  ---------  --------  ----------  --------------  -------------------
/opt/airflow/dags/etl_tweets.py                           1           0  0.46s           2025-10-02T19:54:49
================================================================================
[2025-10-02T19:55:22.170+0000] {manager.py:893} INFO - 
================================================================================
DAG File Processing Stats

File Path                        PID    Runtime      # DAGs    # Errors  Last Runtime    Last Run
-------------------------------  -----  ---------  --------  ----------  --------------  -------------------
/opt/airflow/dags/etl_tweets.py                           1           0  0.49s           2025-10-02T19:55:20
================================================================================
[2025-10-02T19:55:52.418+0000] {manager.py:893} INFO - 
================================================================================
DAG File Processing Stats

File Path                        PID    Runtime      # DAGs    # Errors  Last Runtime    Last Run
-------------------------------  -----  ---------  --------  ----------  --------------  -------------------
/opt/airflow/dags/etl_tweets.py                           1           0  1.01s           2025-10-02T19:55:51
================================================================================
[2025-10-02T19:56:22.518+0000] {manager.py:893} INFO - 
================================================================================
DAG File Processing Stats

File Path                        PID    Runtime      # DAGs    # Errors  Last Runtime    Last Run
-------------------------------  -----  ---------  --------  ----------  --------------  -------------------
/opt/airflow/dags/etl_tweets.py                           1           0  0.44s           2025-10-02T19:56:22
================================================================================
[2025-10-02T19:56:52.756+0000] {manager.py:893} INFO - 
================================================================================
DAG File Processing Stats

File Path                          PID  Runtime      # DAGs    # Errors  Last Runtime    Last Run
-------------------------------  -----  ---------  --------  ----------  --------------  -------------------
/opt/airflow/dags/etl_tweets.py    496  0.00s             1           0  0.44s           2025-10-02T19:56:22
================================================================================
[2025-10-02T19:57:23.022+0000] {manager.py:893} INFO - 
================================================================================
DAG File Processing Stats

File Path                        PID    Runtime      # DAGs    # Errors  Last Runtime    Last Run
-------------------------------  -----  ---------  --------  ----------  --------------  -------------------
/opt/airflow/dags/etl_tweets.py                           1           0  0.47s           2025-10-02T19:56:53
================================================================================
[2025-10-02T19:57:53.240+0000] {manager.py:893} INFO - 
================================================================================
DAG File Processing Stats

File Path                        PID    Runtime      # DAGs    # Errors  Last Runtime    Last Run
-------------------------------  -----  ---------  --------  ----------  --------------  -------------------
/opt/airflow/dags/etl_tweets.py                           1           0  0.82s           2025-10-02T19:57:24
================================================================================
[2025-10-02T19:58:23.325+0000] {manager.py:893} INFO - 
================================================================================
DAG File Processing Stats

File Path                        PID    Runtime      # DAGs    # Errors  Last Runtime    Last Run
-------------------------------  -----  ---------  --------  ----------  --------------  -------------------
/opt/airflow/dags/etl_tweets.py                           1           0  0.56s           2025-10-02T19:57:55
================================================================================
[2025-10-02T19:58:53.997+0000] {manager.py:893} INFO - 
================================================================================
DAG File Processing Stats

File Path                        PID    Runtime      # DAGs    # Errors  Last Runtime    Last Run
-------------------------------  -----  ---------  --------  ----------  --------------  -------------------
/opt/airflow/dags/etl_tweets.py                           1           0  0.46s           2025-10-02T19:58:25
================================================================================
[2025-10-02T19:59:08.613+0000] {manager.py:759} INFO - Searching for files in /opt/airflow/dags
[2025-10-02T19:59:08.622+0000] {manager.py:762} INFO - There are 1 files in /opt/airflow/dags
[2025-10-02T19:59:24.235+0000] {manager.py:893} INFO - 
================================================================================
DAG File Processing Stats

File Path                        PID    Runtime      # DAGs    # Errors  Last Runtime    Last Run
-------------------------------  -----  ---------  --------  ----------  --------------  -------------------
/opt/airflow/dags/etl_tweets.py                           1           0  0.49s           2025-10-02T19:58:56
================================================================================
[2025-10-02T19:59:54.511+0000] {manager.py:893} INFO - 
================================================================================
DAG File Processing Stats

File Path                        PID    Runtime      # DAGs    # Errors  Last Runtime    Last Run
-------------------------------  -----  ---------  --------  ----------  --------------  -------------------
/opt/airflow/dags/etl_tweets.py                           1           0  0.53s           2025-10-02T19:59:27
================================================================================
[2025-10-02T20:00:24.814+0000] {manager.py:893} INFO - 
================================================================================
DAG File Processing Stats

File Path                        PID    Runtime      # DAGs    # Errors  Last Runtime    Last Run
-------------------------------  -----  ---------  --------  ----------  --------------  -------------------
/opt/airflow/dags/etl_tweets.py                           1           0  0.49s           2025-10-02T20:00:07
================================================================================
[2025-10-02T20:00:55.603+0000] {manager.py:893} INFO - 
================================================================================
DAG File Processing Stats

File Path                        PID    Runtime      # DAGs    # Errors  Last Runtime    Last Run
-------------------------------  -----  ---------  --------  ----------  --------------  -------------------
/opt/airflow/dags/etl_tweets.py                           1           0  1.11s           2025-10-02T20:00:38
================================================================================
[2025-10-02T20:01:25.858+0000] {manager.py:893} INFO - 
================================================================================
DAG File Processing Stats

File Path                        PID    Runtime      # DAGs    # Errors  Last Runtime    Last Run
-------------------------------  -----  ---------  --------  ----------  --------------  -------------------
/opt/airflow/dags/etl_tweets.py                           1           0  0.72s           2025-10-02T20:01:09
================================================================================
[2025-10-02T20:01:56.099+0000] {manager.py:893} INFO - 
================================================================================
DAG File Processing Stats

File Path                        PID    Runtime      # DAGs    # Errors  Last Runtime    Last Run
-------------------------------  -----  ---------  --------  ----------  --------------  -------------------
/opt/airflow/dags/etl_tweets.py                           1           0  0.59s           2025-10-02T20:01:40
================================================================================
[2025-10-02T20:02:26.128+0000] {manager.py:893} INFO - 
================================================================================
DAG File Processing Stats

File Path                        PID    Runtime      # DAGs    # Errors  Last Runtime    Last Run
-------------------------------  -----  ---------  --------  ----------  --------------  -------------------
/opt/airflow/dags/etl_tweets.py                           1           0  0.75s           2025-10-02T20:02:10
================================================================================
[2025-10-02T20:02:56.806+0000] {manager.py:893} INFO - 
================================================================================
DAG File Processing Stats

File Path                        PID    Runtime      # DAGs    # Errors  Last Runtime    Last Run
-------------------------------  -----  ---------  --------  ----------  --------------  -------------------
/opt/airflow/dags/etl_tweets.py                           1           0  0.68s           2025-10-02T20:02:41
================================================================================
[2025-10-02T20:03:27.356+0000] {manager.py:893} INFO - 
================================================================================
DAG File Processing Stats

File Path                        PID    Runtime      # DAGs    # Errors  Last Runtime    Last Run
-------------------------------  -----  ---------  --------  ----------  --------------  -------------------
/opt/airflow/dags/etl_tweets.py                           1           0  0.70s           2025-10-02T20:03:12
================================================================================
[2025-10-02T20:03:57.445+0000] {manager.py:893} INFO - 
================================================================================
DAG File Processing Stats

File Path                        PID    Runtime      # DAGs    # Errors  Last Runtime    Last Run
-------------------------------  -----  ---------  --------  ----------  --------------  -------------------
/opt/airflow/dags/etl_tweets.py                           1           0  0.47s           2025-10-02T20:03:43
================================================================================
[2025-10-02T20:04:09.046+0000] {manager.py:759} INFO - Searching for files in /opt/airflow/dags
[2025-10-02T20:04:09.050+0000] {manager.py:762} INFO - There are 1 files in /opt/airflow/dags
[2025-10-02T20:04:27.497+0000] {manager.py:893} INFO - 
================================================================================
DAG File Processing Stats

File Path                        PID    Runtime      # DAGs    # Errors  Last Runtime    Last Run
-------------------------------  -----  ---------  --------  ----------  --------------  -------------------
/opt/airflow/dags/etl_tweets.py                           1           0  0.70s           2025-10-02T20:04:14
================================================================================
[2025-10-02T20:04:57.762+0000] {manager.py:893} INFO - 
================================================================================
DAG File Processing Stats

File Path                        PID    Runtime      # DAGs    # Errors  Last Runtime    Last Run
-------------------------------  -----  ---------  --------  ----------  --------------  -------------------
/opt/airflow/dags/etl_tweets.py                           1           0  0.57s           2025-10-02T20:04:45
================================================================================
[2025-10-02T20:05:28.067+0000] {manager.py:893} INFO - 
================================================================================
DAG File Processing Stats

File Path                        PID    Runtime      # DAGs    # Errors  Last Runtime    Last Run
-------------------------------  -----  ---------  --------  ----------  --------------  -------------------
/opt/airflow/dags/etl_tweets.py                           1           0  0.48s           2025-10-02T20:05:15
================================================================================
[2025-10-02T20:05:58.290+0000] {manager.py:893} INFO - 
================================================================================
DAG File Processing Stats

File Path                        PID    Runtime      # DAGs    # Errors  Last Runtime    Last Run
-------------------------------  -----  ---------  --------  ----------  --------------  -------------------
/opt/airflow/dags/etl_tweets.py                           1           0  0.50s           2025-10-02T20:05:46
================================================================================
[2025-10-02T20:06:28.424+0000] {manager.py:893} INFO - 
================================================================================
DAG File Processing Stats

File Path                        PID    Runtime      # DAGs    # Errors  Last Runtime    Last Run
-------------------------------  -----  ---------  --------  ----------  --------------  -------------------
/opt/airflow/dags/etl_tweets.py                           1           0  0.48s           2025-10-02T20:06:17
================================================================================
[2025-10-02T20:06:58.525+0000] {manager.py:893} INFO - 
================================================================================
DAG File Processing Stats

File Path                        PID    Runtime      # DAGs    # Errors  Last Runtime    Last Run
-------------------------------  -----  ---------  --------  ----------  --------------  -------------------
/opt/airflow/dags/etl_tweets.py                           1           0  0.86s           2025-10-02T20:06:48
================================================================================
[2025-10-02T20:07:28.820+0000] {manager.py:893} INFO - 
================================================================================
DAG File Processing Stats

File Path                        PID    Runtime      # DAGs    # Errors  Last Runtime    Last Run
-------------------------------  -----  ---------  --------  ----------  --------------  -------------------
/opt/airflow/dags/etl_tweets.py                           1           0  0.49s           2025-10-02T20:07:19
================================================================================
[2025-10-02T20:07:58.951+0000] {manager.py:893} INFO - 
================================================================================
DAG File Processing Stats

File Path                        PID    Runtime      # DAGs    # Errors  Last Runtime    Last Run
-------------------------------  -----  ---------  --------  ----------  --------------  -------------------
/opt/airflow/dags/etl_tweets.py                           1           0  0.46s           2025-10-02T20:07:49
================================================================================
[2025-10-02T20:08:29.206+0000] {manager.py:893} INFO - 
================================================================================
DAG File Processing Stats

File Path                        PID    Runtime      # DAGs    # Errors  Last Runtime    Last Run
-------------------------------  -----  ---------  --------  ----------  --------------  -------------------
/opt/airflow/dags/etl_tweets.py                           1           0  0.50s           2025-10-02T20:08:20
================================================================================
[2025-10-02T20:08:59.536+0000] {manager.py:893} INFO - 
================================================================================
DAG File Processing Stats

File Path                        PID    Runtime      # DAGs    # Errors  Last Runtime    Last Run
-------------------------------  -----  ---------  --------  ----------  --------------  -------------------
/opt/airflow/dags/etl_tweets.py                           1           0  0.49s           2025-10-02T20:08:57
================================================================================
[2025-10-02T20:09:09.052+0000] {manager.py:759} INFO - Searching for files in /opt/airflow/dags
[2025-10-02T20:09:09.057+0000] {manager.py:762} INFO - There are 1 files in /opt/airflow/dags
[2025-10-02T20:09:29.758+0000] {manager.py:893} INFO - 
================================================================================
DAG File Processing Stats

File Path                        PID    Runtime      # DAGs    # Errors  Last Runtime    Last Run
-------------------------------  -----  ---------  --------  ----------  --------------  -------------------
/opt/airflow/dags/etl_tweets.py                           1           0  0.69s           2025-10-02T20:09:28
================================================================================
[2025-10-02T20:10:00.117+0000] {manager.py:893} INFO - 
================================================================================
DAG File Processing Stats

File Path                        PID    Runtime      # DAGs    # Errors  Last Runtime    Last Run
-------------------------------  -----  ---------  --------  ----------  --------------  -------------------
/opt/airflow/dags/etl_tweets.py                           1           0  0.61s           2025-10-02T20:09:59
================================================================================
[2025-10-02T20:10:30.347+0000] {manager.py:893} INFO - 
================================================================================
DAG File Processing Stats

File Path                          PID  Runtime      # DAGs    # Errors  Last Runtime    Last Run
-------------------------------  -----  ---------  --------  ----------  --------------  -------------------
/opt/airflow/dags/etl_tweets.py    698  0.47s             1           0  0.61s           2025-10-02T20:09:59
================================================================================
[2025-10-02T20:11:00.595+0000] {manager.py:893} INFO - 
================================================================================
DAG File Processing Stats

File Path                          PID  Runtime      # DAGs    # Errors  Last Runtime    Last Run
-------------------------------  -----  ---------  --------  ----------  --------------  -------------------
/opt/airflow/dags/etl_tweets.py    704  0.01s             1           0  0.59s           2025-10-02T20:10:30
================================================================================
[2025-10-02T20:11:31.078+0000] {manager.py:893} INFO - 
================================================================================
DAG File Processing Stats

File Path                          PID  Runtime      # DAGs    # Errors  Last Runtime    Last Run
-------------------------------  -----  ---------  --------  ----------  --------------  -------------------
/opt/airflow/dags/etl_tweets.py    710  0.01s             1           0  0.46s           2025-10-02T20:11:01
================================================================================
[2025-10-02T20:12:01.761+0000] {manager.py:893} INFO - 
================================================================================
DAG File Processing Stats

File Path                          PID  Runtime      # DAGs    # Errors  Last Runtime    Last Run
-------------------------------  -----  ---------  --------  ----------  --------------  -------------------
/opt/airflow/dags/etl_tweets.py    716  0.01s             1           0  0.46s           2025-10-02T20:11:31
================================================================================
[2025-10-02T20:12:32.134+0000] {manager.py:893} INFO - 
================================================================================
DAG File Processing Stats

File Path                        PID    Runtime      # DAGs    # Errors  Last Runtime    Last Run
-------------------------------  -----  ---------  --------  ----------  --------------  -------------------
/opt/airflow/dags/etl_tweets.py                           1           0  0.60s           2025-10-02T20:12:05
================================================================================
[2025-10-02T20:13:02.489+0000] {manager.py:893} INFO - 
================================================================================
DAG File Processing Stats

File Path                        PID    Runtime      # DAGs    # Errors  Last Runtime    Last Run
-------------------------------  -----  ---------  --------  ----------  --------------  -------------------
/opt/airflow/dags/etl_tweets.py                           1           0  0.65s           2025-10-02T20:12:35
================================================================================
[2025-10-02T20:13:32.782+0000] {manager.py:893} INFO - 
================================================================================
DAG File Processing Stats

File Path                        PID    Runtime      # DAGs    # Errors  Last Runtime    Last Run
-------------------------------  -----  ---------  --------  ----------  --------------  -------------------
/opt/airflow/dags/etl_tweets.py                           1           0  0.54s           2025-10-02T20:13:06
================================================================================
[2025-10-02T20:14:03.047+0000] {manager.py:893} INFO - 
================================================================================
DAG File Processing Stats

File Path                        PID    Runtime      # DAGs    # Errors  Last Runtime    Last Run
-------------------------------  -----  ---------  --------  ----------  --------------  -------------------
/opt/airflow/dags/etl_tweets.py                           1           0  1.14s           2025-10-02T20:13:37
================================================================================
[2025-10-02T20:14:09.148+0000] {manager.py:759} INFO - Searching for files in /opt/airflow/dags
[2025-10-02T20:14:09.153+0000] {manager.py:762} INFO - There are 1 files in /opt/airflow/dags
[2025-10-02T20:14:33.329+0000] {manager.py:893} INFO - 
================================================================================
DAG File Processing Stats

File Path                        PID    Runtime      # DAGs    # Errors  Last Runtime    Last Run
-------------------------------  -----  ---------  --------  ----------  --------------  -------------------
/opt/airflow/dags/etl_tweets.py                           1           0  0.51s           2025-10-02T20:14:08
================================================================================
[2025-10-02T20:15:03.526+0000] {manager.py:893} INFO - 
================================================================================
DAG File Processing Stats

File Path                        PID    Runtime      # DAGs    # Errors  Last Runtime    Last Run
-------------------------------  -----  ---------  --------  ----------  --------------  -------------------
/opt/airflow/dags/etl_tweets.py                           1           0  0.71s           2025-10-02T20:14:39
================================================================================
[2025-10-02T20:15:34.020+0000] {manager.py:893} INFO - 
================================================================================
DAG File Processing Stats

File Path                        PID    Runtime      # DAGs    # Errors  Last Runtime    Last Run
-------------------------------  -----  ---------  --------  ----------  --------------  -------------------
/opt/airflow/dags/etl_tweets.py                           1           0  0.48s           2025-10-02T20:15:10
================================================================================
[2025-10-02T20:16:04.438+0000] {manager.py:893} INFO - 
================================================================================
DAG File Processing Stats

File Path                        PID    Runtime      # DAGs    # Errors  Last Runtime    Last Run
-------------------------------  -----  ---------  --------  ----------  --------------  -------------------
/opt/airflow/dags/etl_tweets.py                           1           0  0.47s           2025-10-02T20:15:40
================================================================================
[2025-10-02T20:16:34.925+0000] {manager.py:893} INFO - 
================================================================================
DAG File Processing Stats

File Path                        PID    Runtime      # DAGs    # Errors  Last Runtime    Last Run
-------------------------------  -----  ---------  --------  ----------  --------------  -------------------
/opt/airflow/dags/etl_tweets.py                           1           0  0.48s           2025-10-02T20:16:11
================================================================================
[2025-10-02T20:17:05.183+0000] {manager.py:893} INFO - 
================================================================================
DAG File Processing Stats

File Path                        PID    Runtime      # DAGs    # Errors  Last Runtime    Last Run
-------------------------------  -----  ---------  --------  ----------  --------------  -------------------
/opt/airflow/dags/etl_tweets.py                           1           0  0.68s           2025-10-02T20:16:42
================================================================================
[2025-10-02T20:17:35.445+0000] {manager.py:893} INFO - 
================================================================================
DAG File Processing Stats

File Path                        PID    Runtime      # DAGs    # Errors  Last Runtime    Last Run
-------------------------------  -----  ---------  --------  ----------  --------------  -------------------
/opt/airflow/dags/etl_tweets.py                           1           0  0.49s           2025-10-02T20:17:12
================================================================================
[2025-10-02T20:18:05.506+0000] {manager.py:893} INFO - 
================================================================================
DAG File Processing Stats

File Path                        PID    Runtime      # DAGs    # Errors  Last Runtime    Last Run
-------------------------------  -----  ---------  --------  ----------  --------------  -------------------
/opt/airflow/dags/etl_tweets.py                           1           0  0.47s           2025-10-02T20:17:43
================================================================================
[2025-10-02T20:18:35.795+0000] {manager.py:893} INFO - 
================================================================================
DAG File Processing Stats

File Path                        PID    Runtime      # DAGs    # Errors  Last Runtime    Last Run
-------------------------------  -----  ---------  --------  ----------  --------------  -------------------
/opt/airflow/dags/etl_tweets.py                           1           0  0.54s           2025-10-02T20:18:14
================================================================================
[2025-10-02T20:19:06.011+0000] {manager.py:893} INFO - 
================================================================================
DAG File Processing Stats

File Path                        PID    Runtime      # DAGs    # Errors  Last Runtime    Last Run
-------------------------------  -----  ---------  --------  ----------  --------------  -------------------
/opt/airflow/dags/etl_tweets.py                           1           0  0.76s           2025-10-02T20:18:45
================================================================================
[2025-10-02T20:19:09.276+0000] {manager.py:759} INFO - Searching for files in /opt/airflow/dags
[2025-10-02T20:19:09.281+0000] {manager.py:762} INFO - There are 1 files in /opt/airflow/dags
[2025-10-02T20:19:36.460+0000] {manager.py:893} INFO - 
================================================================================
DAG File Processing Stats

File Path                        PID    Runtime      # DAGs    # Errors  Last Runtime    Last Run
-------------------------------  -----  ---------  --------  ----------  --------------  -------------------
/opt/airflow/dags/etl_tweets.py                           1           0  0.53s           2025-10-02T20:19:15
================================================================================
[2025-10-02T20:20:06.680+0000] {manager.py:893} INFO - 
================================================================================
DAG File Processing Stats

File Path                        PID    Runtime      # DAGs    # Errors  Last Runtime    Last Run
-------------------------------  -----  ---------  --------  ----------  --------------  -------------------
/opt/airflow/dags/etl_tweets.py                           1           0  0.47s           2025-10-02T20:19:46
================================================================================
[2025-10-02T20:20:36.901+0000] {manager.py:893} INFO - 
================================================================================
DAG File Processing Stats

File Path                        PID    Runtime      # DAGs    # Errors  Last Runtime    Last Run
-------------------------------  -----  ---------  --------  ----------  --------------  -------------------
/opt/airflow/dags/etl_tweets.py                           1           0  0.46s           2025-10-02T20:20:17
================================================================================
[2025-10-02T20:21:07.001+0000] {manager.py:893} INFO - 
================================================================================
DAG File Processing Stats

File Path                        PID    Runtime      # DAGs    # Errors  Last Runtime    Last Run
-------------------------------  -----  ---------  --------  ----------  --------------  -------------------
/opt/airflow/dags/etl_tweets.py                           1           0  0.44s           2025-10-02T20:20:47
================================================================================
[2025-10-02T20:21:37.212+0000] {manager.py:893} INFO - 
================================================================================
DAG File Processing Stats

File Path                        PID    Runtime      # DAGs    # Errors  Last Runtime    Last Run
-------------------------------  -----  ---------  --------  ----------  --------------  -------------------
/opt/airflow/dags/etl_tweets.py                           1           0  0.55s           2025-10-02T20:21:18
================================================================================
[2025-10-02T20:22:07.468+0000] {manager.py:893} INFO - 
================================================================================
DAG File Processing Stats

File Path                        PID    Runtime      # DAGs    # Errors  Last Runtime    Last Run
-------------------------------  -----  ---------  --------  ----------  --------------  -------------------
/opt/airflow/dags/etl_tweets.py                           1           0  0.47s           2025-10-02T20:21:49
================================================================================
[2025-10-02T20:22:37.720+0000] {manager.py:893} INFO - 
================================================================================
DAG File Processing Stats

File Path                        PID    Runtime      # DAGs    # Errors  Last Runtime    Last Run
-------------------------------  -----  ---------  --------  ----------  --------------  -------------------
/opt/airflow/dags/etl_tweets.py                           1           0  0.50s           2025-10-02T20:22:20
================================================================================
[2025-10-02T20:23:07.989+0000] {manager.py:893} INFO - 
================================================================================
DAG File Processing Stats

File Path                        PID    Runtime      # DAGs    # Errors  Last Runtime    Last Run
-------------------------------  -----  ---------  --------  ----------  --------------  -------------------
/opt/airflow/dags/etl_tweets.py                           1           0  0.50s           2025-10-02T20:22:50
================================================================================
[2025-10-02T20:23:38.699+0000] {manager.py:893} INFO - 
================================================================================
DAG File Processing Stats

File Path                        PID    Runtime      # DAGs    # Errors  Last Runtime    Last Run
-------------------------------  -----  ---------  --------  ----------  --------------  -------------------
/opt/airflow/dags/etl_tweets.py                           1           0  0.51s           2025-10-02T20:23:21
================================================================================
[2025-10-02T20:24:08.950+0000] {manager.py:893} INFO - 
================================================================================
DAG File Processing Stats

File Path                        PID    Runtime      # DAGs    # Errors  Last Runtime    Last Run
-------------------------------  -----  ---------  --------  ----------  --------------  -------------------
/opt/airflow/dags/etl_tweets.py                           1           0  0.68s           2025-10-02T20:23:52
================================================================================
[2025-10-02T20:24:09.645+0000] {manager.py:759} INFO - Searching for files in /opt/airflow/dags
[2025-10-02T20:24:09.649+0000] {manager.py:762} INFO - There are 1 files in /opt/airflow/dags
[2025-10-02T20:24:39.191+0000] {manager.py:893} INFO - 
================================================================================
DAG File Processing Stats

File Path                        PID    Runtime      # DAGs    # Errors  Last Runtime    Last Run
-------------------------------  -----  ---------  --------  ----------  --------------  -------------------
/opt/airflow/dags/etl_tweets.py                           1           0  0.53s           2025-10-02T20:24:23
================================================================================
[2025-10-02T20:25:09.630+0000] {manager.py:893} INFO - 
================================================================================
DAG File Processing Stats

File Path                        PID    Runtime      # DAGs    # Errors  Last Runtime    Last Run
-------------------------------  -----  ---------  --------  ----------  --------------  -------------------
/opt/airflow/dags/etl_tweets.py                           1           0  0.53s           2025-10-02T20:24:53
================================================================================
[2025-10-02T20:25:39.854+0000] {manager.py:893} INFO - 
================================================================================
DAG File Processing Stats

File Path                        PID    Runtime      # DAGs    # Errors  Last Runtime    Last Run
-------------------------------  -----  ---------  --------  ----------  --------------  -------------------
/opt/airflow/dags/etl_tweets.py                           1           0  0.61s           2025-10-02T20:25:24
================================================================================
[2025-10-02T20:26:09.910+0000] {manager.py:893} INFO - 
================================================================================
DAG File Processing Stats

File Path                        PID    Runtime      # DAGs    # Errors  Last Runtime    Last Run
-------------------------------  -----  ---------  --------  ----------  --------------  -------------------
/opt/airflow/dags/etl_tweets.py                           1           0  0.82s           2025-10-02T20:25:55
================================================================================
[2025-10-02T20:26:40.151+0000] {manager.py:893} INFO - 
================================================================================
DAG File Processing Stats

File Path                        PID    Runtime      # DAGs    # Errors  Last Runtime    Last Run
-------------------------------  -----  ---------  --------  ----------  --------------  -------------------
/opt/airflow/dags/etl_tweets.py                           1           0  0.52s           2025-10-02T20:26:26
================================================================================
[2025-10-02T20:27:10.426+0000] {manager.py:893} INFO - 
================================================================================
DAG File Processing Stats

File Path                        PID    Runtime      # DAGs    # Errors  Last Runtime    Last Run
-------------------------------  -----  ---------  --------  ----------  --------------  -------------------
/opt/airflow/dags/etl_tweets.py                           1           0  0.53s           2025-10-02T20:26:57
================================================================================
[2025-10-02T20:27:40.695+0000] {manager.py:893} INFO - 
================================================================================
DAG File Processing Stats

File Path                        PID    Runtime      # DAGs    # Errors  Last Runtime    Last Run
-------------------------------  -----  ---------  --------  ----------  --------------  -------------------
/opt/airflow/dags/etl_tweets.py                           1           0  0.52s           2025-10-02T20:27:28
================================================================================
[2025-10-02T20:28:10.962+0000] {manager.py:893} INFO - 
================================================================================
DAG File Processing Stats

File Path                        PID    Runtime      # DAGs    # Errors  Last Runtime    Last Run
-------------------------------  -----  ---------  --------  ----------  --------------  -------------------
/opt/airflow/dags/etl_tweets.py                           1           0  0.56s           2025-10-02T20:27:58
================================================================================
[2025-10-02T20:28:41.055+0000] {manager.py:893} INFO - 
================================================================================
DAG File Processing Stats

File Path                        PID    Runtime      # DAGs    # Errors  Last Runtime    Last Run
-------------------------------  -----  ---------  --------  ----------  --------------  -------------------
/opt/airflow/dags/etl_tweets.py                           1           0  0.66s           2025-10-02T20:28:29
================================================================================
[2025-10-02T20:29:09.760+0000] {manager.py:759} INFO - Searching for files in /opt/airflow/dags
[2025-10-02T20:29:09.776+0000] {manager.py:762} INFO - There are 1 files in /opt/airflow/dags
[2025-10-02T20:29:11.580+0000] {manager.py:893} INFO - 
================================================================================
DAG File Processing Stats

File Path                        PID    Runtime      # DAGs    # Errors  Last Runtime    Last Run
-------------------------------  -----  ---------  --------  ----------  --------------  -------------------
/opt/airflow/dags/etl_tweets.py                           1           0  0.47s           2025-10-02T20:29:00
================================================================================
[2025-10-02T20:29:42.078+0000] {manager.py:893} INFO - 
================================================================================
DAG File Processing Stats

File Path                        PID    Runtime      # DAGs    # Errors  Last Runtime    Last Run
-------------------------------  -----  ---------  --------  ----------  --------------  -------------------
/opt/airflow/dags/etl_tweets.py                           1           0  0.51s           2025-10-02T20:29:31
================================================================================
[2025-10-02T20:30:12.301+0000] {manager.py:893} INFO - 
================================================================================
DAG File Processing Stats

File Path                        PID    Runtime      # DAGs    # Errors  Last Runtime    Last Run
-------------------------------  -----  ---------  --------  ----------  --------------  -------------------
/opt/airflow/dags/etl_tweets.py                           1           0  0.76s           2025-10-02T20:30:02
================================================================================
[2025-10-02T20:30:42.763+0000] {manager.py:893} INFO - 
================================================================================
DAG File Processing Stats

File Path                        PID    Runtime      # DAGs    # Errors  Last Runtime    Last Run
-------------------------------  -----  ---------  --------  ----------  --------------  -------------------
/opt/airflow/dags/etl_tweets.py                           1           0  0.55s           2025-10-02T20:30:33
================================================================================
[2025-10-02T20:31:12.814+0000] {manager.py:893} INFO - 
================================================================================
DAG File Processing Stats

File Path                        PID    Runtime      # DAGs    # Errors  Last Runtime    Last Run
-------------------------------  -----  ---------  --------  ----------  --------------  -------------------
/opt/airflow/dags/etl_tweets.py                           1           0  0.44s           2025-10-02T20:31:03
================================================================================
[2025-10-02T20:31:43.030+0000] {manager.py:893} INFO - 
================================================================================
DAG File Processing Stats

File Path                        PID    Runtime      # DAGs    # Errors  Last Runtime    Last Run
-------------------------------  -----  ---------  --------  ----------  --------------  -------------------
/opt/airflow/dags/etl_tweets.py                           1           0  0.53s           2025-10-02T20:31:34
================================================================================
[2025-10-02T20:32:13.232+0000] {manager.py:893} INFO - 
================================================================================
DAG File Processing Stats

File Path                        PID    Runtime      # DAGs    # Errors  Last Runtime    Last Run
-------------------------------  -----  ---------  --------  ----------  --------------  -------------------
/opt/airflow/dags/etl_tweets.py                           1           0  0.46s           2025-10-02T20:32:05
================================================================================
[2025-10-02T20:32:43.486+0000] {manager.py:893} INFO - 
================================================================================
DAG File Processing Stats

File Path                        PID    Runtime      # DAGs    # Errors  Last Runtime    Last Run
-------------------------------  -----  ---------  --------  ----------  --------------  -------------------
/opt/airflow/dags/etl_tweets.py                           1           0  0.49s           2025-10-02T20:32:35
================================================================================
[2025-10-02T20:33:13.635+0000] {manager.py:893} INFO - 
================================================================================
DAG File Processing Stats

File Path                        PID    Runtime      # DAGs    # Errors  Last Runtime    Last Run
-------------------------------  -----  ---------  --------  ----------  --------------  -------------------
/opt/airflow/dags/etl_tweets.py                           1           0  0.45s           2025-10-02T20:33:06
================================================================================
[2025-10-02T20:33:43.862+0000] {manager.py:893} INFO - 
================================================================================
DAG File Processing Stats

File Path                        PID    Runtime      # DAGs    # Errors  Last Runtime    Last Run
-------------------------------  -----  ---------  --------  ----------  --------------  -------------------
/opt/airflow/dags/etl_tweets.py                           1           0  0.45s           2025-10-02T20:33:37
================================================================================
[2025-10-02T20:34:10.017+0000] {manager.py:759} INFO - Searching for files in /opt/airflow/dags
[2025-10-02T20:34:10.024+0000] {manager.py:762} INFO - There are 1 files in /opt/airflow/dags
[2025-10-02T20:34:14.063+0000] {manager.py:893} INFO - 
================================================================================
DAG File Processing Stats

File Path                        PID    Runtime      # DAGs    # Errors  Last Runtime    Last Run
-------------------------------  -----  ---------  --------  ----------  --------------  -------------------
/opt/airflow/dags/etl_tweets.py                           1           0  0.54s           2025-10-02T20:34:07
================================================================================
[2025-10-02T20:34:44.272+0000] {manager.py:893} INFO - 
================================================================================
DAG File Processing Stats

File Path                        PID    Runtime      # DAGs    # Errors  Last Runtime    Last Run
-------------------------------  -----  ---------  --------  ----------  --------------  -------------------
/opt/airflow/dags/etl_tweets.py                           1           0  0.45s           2025-10-02T20:34:38
================================================================================
[2025-10-02T20:35:14.382+0000] {manager.py:893} INFO - 
================================================================================
DAG File Processing Stats

File Path                        PID    Runtime      # DAGs    # Errors  Last Runtime    Last Run
-------------------------------  -----  ---------  --------  ----------  --------------  -------------------
/opt/airflow/dags/etl_tweets.py                           1           0  0.44s           2025-10-02T20:35:09
================================================================================
